<?xml version="1.0" encoding="UTF-8"?>
<!-- Generated by org.testng.reporters.JUnitXMLReporter -->
<testsuite ignored="3" hostname="DESKTOP-1ILS8EV" failures="0" tests="1" name="Default test" time="0.056" errors="0" timestamp="2024-08-08T10:03:30 IST">
  <testcase classname="pavan.Practice" name="m3" time="0.01"/>
  <testcase classname="pavan.Practice" name="m1" time="0.0">
    <ignored/>
  </testcase> <!-- m1 -->
  <testcase classname="pavan.Practice" name="m2" time="0.0">
    <ignored/>
  </testcase> <!-- m2 -->
  <testcase classname="pavan.Practice" name="m4" time="0.0">
    <ignored/>
  </testcase> <!-- m4 -->
</testsuite> <!-- Default test -->
