<?xml version="1.0" encoding="UTF-8"?>
<testng-results ignored="0" total="1" passed="1" failed="0" skipped="0">
  <reporter-output>
  </reporter-output>
  <suite started-at="2024-08-08T10:03:30 IST" name="Default suite" finished-at="2024-08-08T10:03:30 IST" duration-ms="56">
    <groups>
    </groups>
    <test started-at="2024-08-08T10:03:30 IST" name="Default test" finished-at="2024-08-08T10:03:30 IST" duration-ms="56">
      <class name="pavan.Practice">
        <test-method signature="m3()[pri:0, instance:pavan.Practice@2cf3d63b]" started-at="2024-08-08T10:03:30 IST" name="m3" finished-at="2024-08-08T10:03:30 IST" duration-ms="10" status="PASS">
          <reporter-output>
          </reporter-output>
        </test-method> <!-- m3 -->
      </class> <!-- pavan.Practice -->
    </test> <!-- Default test -->
  </suite> <!-- Default suite -->
</testng-results>
